\BOOKMARK [0][-]{chapter*.1}{写在前面}{}% 1
\BOOKMARK [0][-]{chapter.1}{绪论}{}% 2
\BOOKMARK [1][-]{section.1.1}{图灵模型}{chapter.1}% 3
\BOOKMARK [2][-]{subsection.1.1.1}{数据处理器}{section.1.1}% 4
\BOOKMARK [2][-]{subsection.1.1.2}{可编程数据处理器}{section.1.1}% 5
\BOOKMARK [2][-]{subsection.1.1.3}{通用图灵模型}{section.1.1}% 6
\BOOKMARK [1][-]{section.1.2}{冯诺伊曼模型}{chapter.1}% 7
\BOOKMARK [2][-]{subsection.1.2.1}{4个子系统}{section.1.2}% 8
\BOOKMARK [2][-]{subsection.1.2.2}{存储程序概念}{section.1.2}% 9
\BOOKMARK [2][-]{subsection.1.2.3}{指令的顺序执行}{section.1.2}% 10
\BOOKMARK [1][-]{section.1.3}{计算机组成部分}{chapter.1}% 11
\BOOKMARK [2][-]{subsection.1.3.1}{计算机硬件}{section.1.3}% 12
\BOOKMARK [2][-]{subsection.1.3.2}{数据}{section.1.3}% 13
\BOOKMARK [2][-]{subsection.1.3.3}{计算机软件}{section.1.3}% 14
\BOOKMARK [0][-]{chapter.2}{计算机组成}{}% 15
\BOOKMARK [1][-]{section.2.1}{引言}{chapter.2}% 16
\BOOKMARK [1][-]{section.2.2}{中央处理器}{chapter.2}% 17
\BOOKMARK [2][-]{subsection.2.2.1}{算术逻辑单元}{section.2.2}% 18
\BOOKMARK [2][-]{subsection.2.2.2}{寄存器}{section.2.2}% 19
\BOOKMARK [2][-]{subsection.2.2.3}{控制单元}{section.2.2}% 20
\BOOKMARK [1][-]{section.2.3}{主存储器}{chapter.2}% 21
\BOOKMARK [2][-]{subsection.2.3.1}{地址空间}{section.2.3}% 22
\BOOKMARK [2][-]{subsection.2.3.2}{存储器的类型}{section.2.3}% 23
\BOOKMARK [2][-]{subsection.2.3.3}{存储器的层次结构}{section.2.3}% 24
\BOOKMARK [2][-]{subsection.2.3.4}{高速缓冲存储器}{section.2.3}% 25
\BOOKMARK [1][-]{section.2.4}{输入/输出子系统}{chapter.2}% 26
\BOOKMARK [2][-]{subsection.2.4.1}{非存储设备}{section.2.4}% 27
\BOOKMARK [2][-]{subsection.2.4.2}{存储设备}{section.2.4}% 28
\BOOKMARK [1][-]{section.2.5}{子系统的互连}{chapter.2}% 29
\BOOKMARK [2][-]{subsection.2.5.1}{CPU和存储器的连接}{section.2.5}% 30
\BOOKMARK [2][-]{subsection.2.5.2}{I/O设备的连接}{section.2.5}% 31
\BOOKMARK [2][-]{subsection.2.5.3}{输入/输出设备的寻址}{section.2.5}% 32
\BOOKMARK [1][-]{section.2.6}{程序执行}{chapter.2}% 33
\BOOKMARK [2][-]{subsection.2.6.1}{机器周期}{section.2.6}% 34
\BOOKMARK [2][-]{subsection.2.6.2}{输入/输出操作}{section.2.6}% 35
\BOOKMARK [1][-]{section.2.7}{不同的体系结构}{chapter.2}% 36
\BOOKMARK [1][-]{section.2.8}{简单计算机}{chapter.2}% 37
\BOOKMARK [2][-]{subsection.2.8.1}{可重用性}{section.2.8}% 38
\BOOKMARK [0][-]{chapter.3}{计算机网络和因特网}{}% 39
\BOOKMARK [1][-]{section.3.1}{引言}{chapter.3}% 40
\BOOKMARK [2][-]{subsection.3.1.1}{网络}{section.3.1}% 41
\BOOKMARK [2][-]{subsection.3.1.2}{因特网}{section.3.1}% 42
\BOOKMARK [2][-]{subsection.3.1.3}{硬件和软件}{section.3.1}% 43
\BOOKMARK [2][-]{subsection.3.1.4}{协议分层}{section.3.1}% 44
\BOOKMARK [2][-]{subsection.3.1.5}{TCP/IP协议族}{section.3.1}% 45
\BOOKMARK [1][-]{section.3.2}{应用层}{chapter.3}% 46
\BOOKMARK [2][-]{subsection.3.2.1}{提供服务}{section.3.2}% 47
\BOOKMARK [2][-]{subsection.3.2.2}{应用层模式}{section.3.2}% 48
\BOOKMARK [0][-]{chapter.4}{操作系统}{}% 49
\BOOKMARK [1][-]{section.4.1}{引言}{chapter.4}% 50
\BOOKMARK [2][-]{subsection.4.1.1}{操作系统}{section.4.1}% 51
\BOOKMARK [2][-]{subsection.4.1.2}{自举过程}{section.4.1}% 52
\BOOKMARK [1][-]{section.4.2}{演化}{chapter.4}% 53
\BOOKMARK [2][-]{subsection.4.2.1}{批处理系统}{section.4.2}% 54
\BOOKMARK [2][-]{subsection.4.2.2}{分时系统}{section.4.2}% 55
\BOOKMARK [2][-]{subsection.4.2.3}{个人系统}{section.4.2}% 56
\BOOKMARK [2][-]{subsection.4.2.4}{并行式系统}{section.4.2}% 57
\BOOKMARK [2][-]{subsection.4.2.5}{分布式系统}{section.4.2}% 58
\BOOKMARK [2][-]{subsection.4.2.6}{实时系统}{section.4.2}% 59
\BOOKMARK [1][-]{section.4.3}{组成部分}{chapter.4}% 60
\BOOKMARK [2][-]{subsection.4.3.1}{用户界面}{section.4.3}% 61
\BOOKMARK [2][-]{subsection.4.3.2}{内存管理器}{section.4.3}% 62
\BOOKMARK [2][-]{subsection.4.3.3}{进程管理器}{section.4.3}% 63
\BOOKMARK [2][-]{subsection.4.3.4}{文件管理器}{section.4.3}% 64
\BOOKMARK [1][-]{section.4.4}{主流操作系统}{chapter.4}% 65
\BOOKMARK [2][-]{subsection.4.4.1}{UNIX}{section.4.4}% 66
\BOOKMARK [2][-]{subsection.4.4.2}{Linux}{section.4.4}% 67
\BOOKMARK [2][-]{subsection.4.4.3}{Windows}{section.4.4}% 68
\BOOKMARK [0][-]{chapter.5}{算法}{}% 69
\BOOKMARK [1][-]{section.5.1}{概念}{chapter.5}% 70
\BOOKMARK [2][-]{subsection.5.1.1}{非正式定义}{section.5.1}% 71
\BOOKMARK [2][-]{subsection.5.1.2}{细化}{section.5.1}% 72
\BOOKMARK [2][-]{subsection.5.1.3}{泛化}{section.5.1}% 73
\BOOKMARK [1][-]{section.5.2}{三种结构}{chapter.5}% 74
\BOOKMARK [2][-]{subsection.5.2.1}{顺序}{section.5.2}% 75
\BOOKMARK [2][-]{subsection.5.2.2}{判断}{section.5.2}% 76
\BOOKMARK [2][-]{subsection.5.2.3}{循环}{section.5.2}% 77
\BOOKMARK [1][-]{section.5.3}{算法的表示}{chapter.5}% 78
\BOOKMARK [2][-]{subsection.5.3.1}{UML}{section.5.3}% 79
\BOOKMARK [2][-]{subsection.5.3.2}{伪代码}{section.5.3}% 80
\BOOKMARK [1][-]{section.5.4}{更正式的定义}{chapter.5}% 81
\BOOKMARK [2][-]{subsection.5.4.1}{定义良好}{section.5.4}% 82
\BOOKMARK [2][-]{subsection.5.4.2}{明确步骤}{section.5.4}% 83
\BOOKMARK [2][-]{subsection.5.4.3}{产生结果}{section.5.4}% 84
\BOOKMARK [2][-]{subsection.5.4.4}{在有限的时间内终止}{section.5.4}% 85
\BOOKMARK [1][-]{section.5.5}{基本算法}{chapter.5}% 86
\BOOKMARK [2][-]{subsection.5.5.1}{求和}{section.5.5}% 87
\BOOKMARK [2][-]{subsection.5.5.2}{乘积}{section.5.5}% 88
\BOOKMARK [2][-]{subsection.5.5.3}{最大和最小}{section.5.5}% 89
\BOOKMARK [2][-]{subsection.5.5.4}{排序}{section.5.5}% 90
\BOOKMARK [1][-]{section.5.6}{子算法}{chapter.5}% 91
\BOOKMARK [1][-]{section.5.7}{递归}{chapter.5}% 92
\BOOKMARK [2][-]{subsection.5.7.1}{迭代的定义}{section.5.7}% 93
\BOOKMARK [2][-]{subsection.5.7.2}{递归的定义}{section.5.7}% 94
\BOOKMARK [0][-]{chapter.6}{程序设计语言}{}% 95
\BOOKMARK [1][-]{section.6.1}{演化}{chapter.6}% 96
\BOOKMARK [2][-]{subsection.6.1.1}{机器语言}{section.6.1}% 97
\BOOKMARK [2][-]{subsection.6.1.2}{汇编语言}{section.6.1}% 98
\BOOKMARK [2][-]{subsection.6.1.3}{高级语言}{section.6.1}% 99
\BOOKMARK [1][-]{section.6.2}{翻译}{chapter.6}% 100
\BOOKMARK [2][-]{subsection.6.2.1}{编译}{section.6.2}% 101
\BOOKMARK [2][-]{subsection.6.2.2}{解释}{section.6.2}% 102
\BOOKMARK [2][-]{subsection.6.2.3}{翻译过程}{section.6.2}% 103
\BOOKMARK [1][-]{section.6.3}{编程模式}{chapter.6}% 104
\BOOKMARK [2][-]{subsection.6.3.1}{过程式模式}{section.6.3}% 105
\BOOKMARK [2][-]{subsection.6.3.2}{面对对象模式}{section.6.3}% 106
\BOOKMARK [2][-]{subsection.6.3.3}{函数式模式}{section.6.3}% 107
\BOOKMARK [2][-]{subsection.6.3.4}{说明式模式}{section.6.3}% 108
\BOOKMARK [1][-]{section.6.4}{共同概念}{chapter.6}% 109
\BOOKMARK [2][-]{subsection.6.4.1}{标识符}{section.6.4}% 110
\BOOKMARK [2][-]{subsection.6.4.2}{数据类型}{section.6.4}% 111
\BOOKMARK [2][-]{subsection.6.4.3}{语句}{section.6.4}% 112
\BOOKMARK [2][-]{subsection.6.4.4}{子程序}{section.6.4}% 113
\BOOKMARK [0][-]{chapter.7}{软件工程}{}% 114
\BOOKMARK [1][-]{section.7.1}{软件生命周期}{chapter.7}% 115
\BOOKMARK [1][-]{section.7.2}{分析阶段}{chapter.7}% 116
\BOOKMARK [2][-]{subsection.7.2.1}{面向过程分析}{section.7.2}% 117
\BOOKMARK [2][-]{subsection.7.2.2}{面向对象分析}{section.7.2}% 118
\BOOKMARK [1][-]{section.7.3}{设计阶段}{chapter.7}% 119
\BOOKMARK [2][-]{subsection.7.3.1}{面向过程设计}{section.7.3}% 120
\BOOKMARK [2][-]{subsection.7.3.2}{面向对象设计}{section.7.3}% 121
\BOOKMARK [1][-]{section.7.4}{实现阶段}{chapter.7}% 122
\BOOKMARK [2][-]{subsection.7.4.1}{语言的选择}{section.7.4}% 123
\BOOKMARK [2][-]{subsection.7.4.2}{软件质量}{section.7.4}% 124
\BOOKMARK [1][-]{section.7.5}{测试阶段}{chapter.7}% 125
\BOOKMARK [2][-]{subsection.7.5.1}{白盒测试}{section.7.5}% 126
\BOOKMARK [2][-]{subsection.7.5.2}{黑盒测试}{section.7.5}% 127
\BOOKMARK [1][-]{section.7.6}{文档}{chapter.7}% 128
\BOOKMARK [2][-]{subsection.7.6.1}{用户文档}{section.7.6}% 129
\BOOKMARK [2][-]{subsection.7.6.2}{系统文档}{section.7.6}% 130
\BOOKMARK [2][-]{subsection.7.6.3}{技术文档}{section.7.6}% 131
\BOOKMARK [0][-]{chapter.8}{数据结构}{}% 132
\BOOKMARK [1][-]{section.8.1}{数组}{chapter.8}% 133
\BOOKMARK [2][-]{subsection.8.1.1}{数组与元素名}{section.8.1}% 134
\BOOKMARK [2][-]{subsection.8.1.2}{多维数组}{section.8.1}% 135
\BOOKMARK [2][-]{subsection.8.1.3}{数组操作}{section.8.1}% 136
\BOOKMARK [2][-]{subsection.8.1.4}{数组的应用}{section.8.1}% 137
\BOOKMARK [1][-]{section.8.2}{记录}{chapter.8}% 138
\BOOKMARK [2][-]{subsection.8.2.1}{记录名和域名}{section.8.2}% 139
\BOOKMARK [2][-]{subsection.8.2.2}{记录与数组的比较}{section.8.2}% 140
\BOOKMARK [2][-]{subsection.8.2.3}{记录数组}{section.8.2}% 141
\BOOKMARK [2][-]{subsection.8.2.4}{数组与记录数组}{section.8.2}% 142
\BOOKMARK [1][-]{section.8.3}{链表}{chapter.8}% 143
\BOOKMARK [2][-]{subsection.8.3.1}{数组与链表}{section.8.3}% 144
\BOOKMARK [2][-]{subsection.8.3.2}{链表名与节点名}{section.8.3}% 145
\BOOKMARK [2][-]{subsection.8.3.3}{链表操作}{section.8.3}% 146
\BOOKMARK [2][-]{subsection.8.3.4}{链表的应用}{section.8.3}% 147
